2018-07-05 13:52:45,670 - fox - INFO - send SUCCESS
2018-07-05 13:52:45,719 - fox - INFO - pack
2018-07-05 13:53:54,369 - fox - INFO - send SUCCESS
2018-07-05 13:53:54,369 - fox - INFO - pack
2018-07-05 13:54:26,965 - fox - INFO - send SUCCESS
2018-07-05 13:54:26,965 - fox - INFO - pack
2018-07-05 13:54:26,965 - fox - INFO - timestamp:123213124132timestamp_type:<class 'int'>
2018-07-05 13:55:38,610 - fox - INFO - send SUCCESS
2018-07-05 13:55:38,610 - fox - INFO - pack
2018-07-05 13:55:38,611 - fox - INFO - timestamp:123213124132timestamp_type:<class 'int'>
2018-07-05 13:55:38,611 - fox - INFO - app:payment2environment:Nonepackage_namepp1pp.warpackage_source_pathosspathpackage_md5md5
2018-07-05 14:32:43,546 - fox - INFO - send SUCCESS
2018-07-05 14:32:43,548 - fox - INFO - pack
2018-07-05 14:32:43,565 - fox - INFO - timestamp:1530772363; timestamp_type:<class 'int'>
2018-07-05 14:32:43,567 - fox - INFO - app:payment2environment:Nonepackage_namepp1pp.warpackage_source_pathosspathpackage_md5md5
2018-07-05 15:04:48,996 - fox - INFO - send SUCCESS
2018-07-05 15:04:48,998 - fox - INFO - pack
2018-07-05 15:04:49,005 - fox - INFO - timestamp:1530774288; timestamp_type:<class 'int'>
2018-07-05 15:04:49,007 - fox - INFO - app:payment2environment:Nonepackage_namepp1pp.warpackage_source_pathosspathpackage_md5md5
2018-07-05 15:06:57,253 - fox - INFO - send SUCCESS
2018-07-05 15:06:57,254 - fox - INFO - pack
2018-07-05 15:06:57,257 - fox - INFO - timestamp:1530774417; timestamp_type:<class 'int'>
2018-07-05 15:06:57,258 - fox - INFO - app:payment2environment:Nonepackage_namepp1pp.warpackage_source_pathosspathpackage_md5md5
2018-07-05 15:23:53,579 - fox - INFO - send SUCCESS
2018-07-05 15:23:53,580 - fox - INFO - test
2018-07-05 15:23:53,580 - fox - INFO - timestamp:32213213; timestamp_type:<class 'int'>
2018-07-05 15:23:53,580 - fox - INFO - app:payment2environment:≤‚ ‘ª∑æ≥package_namepp1pp.warpackage_source_pathosspathpackage_md5md5
2018-07-05 18:01:44,380 - fox - INFO - send SUCCESS
2018-07-05 18:01:44,380 - fox - INFO - pack
2018-07-05 18:01:44,380 - fox - INFO - timestamp:2018-07-05 18:01:43; timestamp_type:<class 'str'>
2018-07-05 18:01:44,385 - fox - INFO - app:adminenvironment:graypackage_nameadmin.test.v75970_9988.warpackage_source_pathpackage_md5
2018-07-05 18:01:51,654 - fox - INFO - get
2018-07-05 18:01:51,655 - fox - INFO - pack
2018-07-05 18:01:51,655 - fox - INFO - timestamp:2018-07-05 18:01:51; timestamp_type:<class 'str'>
2018-07-05 18:01:51,655 - fox - INFO - app:adminenvironment:graypackage_nameadmin.test.v75970_9988.warpackage_source_pathpackage_md5
2018-07-05 18:01:51,910 - fox - INFO - send SUCCESS
2018-07-05 18:01:51,910 - fox - INFO - build
2018-07-05 18:01:51,911 - fox - INFO - timestamp:2018-07-05 18:01:51; timestamp_type:<class 'str'>
2018-07-05 18:01:51,911 - fox - INFO - app:adminenvironment:graypackage_nameadmin.test.v75970_9988.warpackage_source_path/app/WarProduct/admin/war/20180629/admin.product.v75970_9988.warpackage_md5
2018-07-05 18:11:16,928 - fox - INFO - get
2018-07-05 18:11:16,928 - fox - INFO - pack
2018-07-05 18:11:16,930 - fox - INFO - timestamp:2018-07-05 18:11:16; timestamp_type:<class 'str'>
2018-07-05 18:11:16,931 - fox - INFO - app:adminenvironment:graypackage_nameadmin.test.v75970_9988.warpackage_source_pathpackage_md5
2018-07-05 18:11:17,095 - fox - INFO - send SUCCESS
2018-07-05 18:11:17,096 - fox - INFO - build
2018-07-05 18:11:17,097 - fox - INFO - timestamp:2018-07-05 18:11:16; timestamp_type:<class 'str'>
2018-07-05 18:11:17,098 - fox - INFO - app:adminenvironment:graypackage_nameadmin.test.v75970_9988.warpackage_source_path/app/WarProduct/admin/war/20180629/admin.product.v75970_9988.warpackage_md5
2018-07-05 18:12:36,408 - fox - INFO - get
2018-07-05 18:12:36,410 - fox - INFO - pack
2018-07-05 18:12:36,411 - fox - INFO - timestamp:2018-07-05 18:12:35; timestamp_type:<class 'str'>
2018-07-05 18:12:36,423 - fox - INFO - app:adminenvironment:graypackage_nameadmin.test.v75970_9988.warpackage_source_pathpackage_md5
2018-07-05 18:12:36,973 - fox - INFO - send SUCCESS
2018-07-05 18:12:36,973 - fox - INFO - build
2018-07-05 18:12:36,973 - fox - INFO - timestamp:2018-07-05 18:12:35; timestamp_type:<class 'str'>
2018-07-05 18:12:36,974 - fox - INFO - app:adminenvironment:graypackage_nameadmin.test.v75970_9988.warpackage_source_path/app/WarProduct/admin/war/20180629/admin.product.v75970_9988.warpackage_md5
2018-07-05 18:16:37,432 - fox - INFO - get
2018-07-05 18:16:37,432 - fox - INFO - pack
2018-07-05 18:16:37,432 - fox - INFO - timestamp:2018-07-05 18:16:36; timestamp_type:<class 'str'>
2018-07-05 18:16:37,432 - fox - INFO - app:adminenvironment:graypackage_nameadmin.test.v75970_9988.warpackage_source_pathpackage_md5
2018-07-05 18:16:37,649 - fox - INFO - send SUCCESS
2018-07-05 18:16:37,650 - fox - INFO - build
2018-07-05 18:16:37,650 - fox - INFO - timestamp:2018-07-05 18:16:36; timestamp_type:<class 'str'>
2018-07-05 18:16:37,650 - fox - INFO - app:adminenvironment:graypackage_nameadmin.test.v75970_9988.warpackage_source_path/app/WarProduct/admin/war/20180629/admin.product.v75970_9988.warpackage_md5
2018-07-05 18:17:50,579 - fox - INFO - get
2018-07-05 18:17:50,579 - fox - INFO - pack
2018-07-05 18:17:50,579 - fox - INFO - timestamp:2018-07-05 18:17:50; timestamp_type:<class 'str'>
2018-07-05 18:17:50,580 - fox - INFO - app:adminenvironment:graypackage_nameadmin.test.v75970_9988.warpackage_source_pathpackage_md5
2018-07-05 18:17:50,849 - fox - INFO - send SUCCESS
2018-07-05 18:17:50,849 - fox - INFO - build
2018-07-05 18:17:50,849 - fox - INFO - timestamp:2018-07-05 18:17:50; timestamp_type:<class 'str'>
2018-07-05 18:17:50,850 - fox - INFO - app:adminenvironment:graypackage_nameadmin.test.v75970_9988.warpackage_source_path/app/WarProduct/admin/war/20180629/admin.product.v75970_9988.warpackage_md5
2018-07-05 18:20:07,123 - fox - INFO - get
2018-07-05 18:20:07,124 - fox - INFO - pack
2018-07-05 18:20:07,124 - fox - INFO - timestamp:2018-07-05 18:20:06; timestamp_type:<class 'str'>
2018-07-05 18:20:07,124 - fox - INFO - app:adminenvironment:graypackage_nameadmin.test.v75970_9988.warpackage_source_pathpackage_md5
2018-07-05 18:20:07,333 - fox - INFO - send SUCCESS
2018-07-05 18:20:07,334 - fox - INFO - build
2018-07-05 18:20:07,334 - fox - INFO - timestamp:2018-07-05 18:20:06; timestamp_type:<class 'str'>
2018-07-05 18:20:07,334 - fox - INFO - app:adminenvironment:graypackage_nameadmin.product.v75970_9988.warpackage_source_path/app/WarProduct/admin/war/20180629/admin.product.v75970_9988.warpackage_md5
2018-07-05 18:28:23,577 - fox - INFO - get
2018-07-05 18:28:23,577 - fox - INFO - pack
2018-07-05 18:28:23,577 - fox - INFO - timestamp:2018-07-05 18:28:23; timestamp_type:<class 'str'>
2018-07-05 18:28:23,580 - fox - INFO - app:adminenvironment:graypackage_nameadmin.test.v75970_9988.warpackage_source_pathpackage_md5
2018-07-05 18:28:23,609 - fox - ERROR - pack_name is ERROR:admin.test.v75970_9988.war
2018-07-05 18:28:23,780 - fox - INFO - send SUCCESS
2018-07-05 18:28:23,780 - fox - INFO - build
2018-07-05 18:28:23,781 - fox - INFO - timestamp:2018-07-05 18:28:23; timestamp_type:<class 'str'>
2018-07-05 18:28:23,781 - fox - INFO - app:adminenvironment:graypackage_nameadmin.product.v75970_9988.warpackage_source_path/app/WarProduct/admin/war/20180629/admin.product.v75970_9988.warpackage_md5
2018-07-05 18:29:40,198 - fox - INFO - get
2018-07-05 18:29:40,198 - fox - INFO - pack
2018-07-05 18:29:40,198 - fox - INFO - timestamp:2018-07-05 18:29:39; timestamp_type:<class 'str'>
2018-07-05 18:29:40,198 - fox - INFO - app:adminenvironment:graypackage_nameadmin.test.v75970_9988.warpackage_source_pathpackage_md5
2018-07-05 18:29:40,216 - fox - ERROR - pack_name is ERROR:admin.test.v75970_9988.war
2018-07-05 18:29:40,406 - fox - INFO - send SUCCESS
2018-07-05 18:29:40,406 - fox - INFO - build
2018-07-05 18:29:40,406 - fox - INFO - timestamp:2018-07-05 18:29:39; timestamp_type:<class 'str'>
2018-07-05 18:29:40,406 - fox - INFO - app:adminenvironment:graypackage_nameadmin.test.v75970_9988.warpackage_source_path/app/WarProduct/admin/war/20180629/admin.product.v75970_9988.warpackage_md5
2018-07-05 18:30:52,654 - fox - INFO - send SUCCESS
2018-07-05 18:30:52,656 - fox - INFO - pack
2018-07-05 18:30:52,657 - fox - INFO - timestamp:2018-07-05 18:30:52; timestamp_type:<class 'str'>
2018-07-05 18:30:52,658 - fox - INFO - app:adminenvironment:graypackage_nameadmin.test.v75970_9988.warpackage_source_pathpackage_md5
2018-07-05 18:31:30,287 - fox - INFO - get
2018-07-05 18:31:30,288 - fox - INFO - pack
2018-07-05 18:31:30,290 - fox - INFO - timestamp:2018-07-05 18:31:29; timestamp_type:<class 'str'>
2018-07-05 18:31:30,291 - fox - INFO - app:adminenvironment:graypackage_nameadmin.test.v75970_9988.warpackage_source_pathpackage_md5
2018-07-05 18:31:30,434 - fox - INFO - send SUCCESS
2018-07-05 18:31:30,435 - fox - INFO - build
2018-07-05 18:31:30,436 - fox - INFO - timestamp:2018-07-05 18:31:29; timestamp_type:<class 'str'>
2018-07-05 18:31:30,438 - fox - INFO - app:adminenvironment:graypackage_nameadmin.product.v75970_9988.warpackage_source_path/app/WarProduct/admin/war/20180629/admin.product.v75970_9988.warpackage_md5
2018-07-09 11:27:24,674 - fox - INFO - send SUCCESS
2018-07-09 11:27:24,691 - fox - INFO - pack
2018-07-09 11:27:24,693 - fox - INFO - timestamp:2018-07-09 11:27:24; timestamp_type:<class 'str'>
2018-07-09 11:27:24,718 - fox - INFO - app:adminenvironment:graypackage_nameadmin.test.v75970_9988.warpackage_source_pathpackage_md5
2018-07-09 11:28:20,170 - fox - INFO - get
2018-07-09 11:28:20,172 - fox - INFO - pack
2018-07-09 11:28:20,174 - fox - INFO - timestamp:2018-07-09 11:28:19; timestamp_type:<class 'str'>
2018-07-09 11:28:20,182 - fox - INFO - app:adminenvironment:graypackage_nameadmin.test.v75970_9988.warpackage_source_pathpackage_md5
2018-07-09 11:28:20,407 - fox - INFO - send SUCCESS
2018-07-09 11:28:20,410 - fox - INFO - build
2018-07-09 11:28:20,417 - fox - INFO - timestamp:2018-07-09 11:28:19; timestamp_type:<class 'str'>
2018-07-09 11:28:20,422 - fox - INFO - app:adminenvironment:graypackage_nameadmin.product.v75970_9988.warpackage_source_path/app/WarProduct/admin/war/20180629/admin.product.v75970_9988.warpackage_md5
2018-07-09 11:29:47,377 - fox - INFO - get
2018-07-09 11:29:47,379 - fox - INFO - pack
2018-07-09 11:29:47,382 - fox - INFO - timestamp:2018-07-09 11:29:46; timestamp_type:<class 'str'>
2018-07-09 11:29:47,384 - fox - INFO - app:adminenvironment:graypackage_nameadmin.test.v75970_9988.warpackage_source_pathpackage_md5
2018-07-09 11:29:47,410 - fox - ERROR - pack_name is ERROR:admin.test.v75970_9988.war
2018-07-09 11:29:47,530 - fox - INFO - send SUCCESS
2018-07-09 11:29:47,537 - fox - INFO - build
2018-07-09 11:29:47,544 - fox - INFO - timestamp:2018-07-09 11:29:46; timestamp_type:<class 'str'>
2018-07-09 11:29:47,552 - fox - INFO - app:adminenvironment:graypackage_nameadmin.product.v75970_9988.warpackage_source_path/app/WarProduct/admin/war/20180629/admin.product.v75970_9988.warpackage_md5
2018-07-09 11:32:23,319 - fox - INFO - get
2018-07-09 11:32:23,323 - fox - INFO - pack
2018-07-09 11:32:23,328 - fox - INFO - timestamp:2018-07-09 11:32:22; timestamp_type:<class 'str'>
2018-07-09 11:32:23,332 - fox - INFO - app:adminenvironment:graypackage_nameadmin.test.v75970_9988.warpackage_source_pathpackage_md5
2018-07-09 11:32:23,419 - fox - ERROR - pack_name is ERROR:admin.test.v75970_9988.war
2018-07-09 11:32:23,826 - fox - INFO - send SUCCESS
2018-07-09 11:32:23,831 - fox - INFO - build
2018-07-09 11:32:23,836 - fox - INFO - timestamp:2018-07-09 11:32:22; timestamp_type:<class 'str'>
2018-07-09 11:32:23,841 - fox - INFO - app:adminenvironment:graypackage_nameadmin.product.v75970_9988.warpackage_source_path/app/WarProduct/admin/war/20180629/admin.product.v75970_9988.warpackage_md5
2018-07-09 11:39:09,363 - fox - INFO - get
2018-07-09 11:39:09,363 - fox - INFO - pack
2018-07-09 11:39:09,363 - fox - INFO - timestamp:2018-07-09 11:39:08; timestamp_type:<class 'str'>
2018-07-09 11:39:09,367 - fox - INFO - app:adminenvironment:graypackage_nameadmin.test.v75970_9988.warpackage_source_pathpackage_md5
2018-07-09 11:39:09,393 - fox - ERROR - pack_name is ERROR:admin.test.v75970_9988.war
2018-07-09 11:39:09,545 - fox - INFO - send SUCCESS
2018-07-09 11:39:09,546 - fox - INFO - build
2018-07-09 11:39:09,546 - fox - INFO - timestamp:2018-07-09 11:39:08; timestamp_type:<class 'str'>
2018-07-09 11:39:09,546 - fox - INFO - app:adminenvironment:graypackage_nameadmin.product.v75970_9988.warpackage_source_path/app/WarProduct/admin/war/20180629/admin.product.v75970_9988.warpackage_md5
2018-07-09 11:40:26,485 - fox - INFO - get
2018-07-09 11:40:26,485 - fox - INFO - pack
2018-07-09 11:40:26,485 - fox - INFO - timestamp:2018-07-09 11:40:26; timestamp_type:<class 'str'>
2018-07-09 11:40:26,486 - fox - INFO - app:adminenvironment:graypackage_nameadmin.test.v75970_9988.warpackage_source_pathpackage_md5
2018-07-09 11:40:26,508 - fox - ERROR - pack_name is ERROR:admin.test.v75970_9988.war
2018-07-09 11:40:26,643 - fox - INFO - send SUCCESS
2018-07-09 11:40:26,644 - fox - INFO - build
2018-07-09 11:40:26,644 - fox - INFO - timestamp:2018-07-09 11:40:26; timestamp_type:<class 'str'>
2018-07-09 11:40:26,644 - fox - INFO - app:adminenvironment:graypackage_nameadmin.product.v75970_9988.warpackage_source_path/app/WarProduct/admin/war/20180629/admin.product.v75970_9988.warpackage_md5
2018-07-09 11:40:48,230 - fox - INFO - get
2018-07-09 11:40:48,231 - fox - INFO - pack
2018-07-09 11:40:48,231 - fox - INFO - timestamp:2018-07-09 11:40:47; timestamp_type:<class 'str'>
2018-07-09 11:40:48,231 - fox - INFO - app:adminenvironment:graypackage_nameadmin.test.v75970_9988.warpackage_source_pathpackage_md5
2018-07-09 11:40:48,255 - fox - ERROR - pack_name is ERROR:admin.test.v75970_9988.war
2018-07-09 11:44:20,209 - fox - INFO - get
2018-07-09 11:44:20,209 - fox - INFO - pack
2018-07-09 11:44:20,209 - fox - INFO - timestamp:2018-07-09 11:44:19; timestamp_type:<class 'str'>
2018-07-09 11:44:20,209 - fox - INFO - app:adminenvironment:graypackage_nameadmin.test.v75970_9988.warpackage_source_pathpackage_md5
2018-07-09 11:44:20,224 - fox - ERROR - pack_name is ERROR:admin.test.v75970_9988.war
2018-07-10 11:16:28,094 - fox - INFO - send SUCCESS
2018-07-10 11:16:28,095 - fox - INFO - pack
2018-07-10 11:16:28,096 - fox - INFO - timestamp:2018-07-10 11:16:27; timestamp_type:<class 'str'>
2018-07-10 11:16:28,156 - fox - INFO - app:adminenvironment:graypackage_nameadmin.test.v75970_9988.warpackage_source_pathpackage_md5
2018-07-10 11:16:49,381 - fox - INFO - get
2018-07-10 11:16:49,382 - fox - INFO - pack
2018-07-10 11:16:49,383 - fox - INFO - timestamp:2018-07-10 11:16:48; timestamp_type:<class 'str'>
2018-07-10 11:16:49,385 - fox - INFO - app:adminenvironment:graypackage_nameadmin.test.v75970_9988.warpackage_source_pathpackage_md5
2018-07-10 11:16:49,580 - fox - INFO - send SUCCESS
2018-07-10 11:16:49,582 - fox - INFO - build
2018-07-10 11:16:49,583 - fox - INFO - timestamp:2018-07-10 11:16:48; timestamp_type:<class 'str'>
2018-07-10 11:16:49,585 - fox - INFO - app:adminenvironment:graypackage_nameadmin.product.v75970_9988.warpackage_source_path/app/WarProduct/admin/war/20180629/admin.product.v75970_9988.warpackage_md5
2018-07-12 14:45:16,190 - fox - INFO - send SUCCESS
2018-07-12 14:45:16,216 - fox - INFO - pack
2018-07-12 14:45:16,217 - fox - INFO - timestamp:2018-07-12 14:45:15; timestamp_type:<class 'str'>
2018-07-12 14:45:16,239 - fox - INFO - app:adminenvironment:testpackage_nameadmin.test.v75970_9988.warpackage_source_pathpackage_md5
2018-07-12 14:45:42,409 - fox - INFO - send SUCCESS
2018-07-12 14:45:42,411 - fox - INFO - pack
2018-07-12 14:45:42,413 - fox - INFO - timestamp:2018-07-12 14:45:41; timestamp_type:<class 'str'>
2018-07-12 14:45:42,415 - fox - INFO - app:adminenvironment:testpackage_nameadmin.test.v75970_9988.warpackage_source_pathpackage_md5
2018-07-12 14:46:08,349 - fox - INFO - get
2018-07-12 14:46:08,352 - fox - INFO - pack
2018-07-12 14:46:08,354 - fox - INFO - timestamp:2018-07-12 14:46:07; timestamp_type:<class 'str'>
2018-07-12 14:46:08,356 - fox - INFO - app:adminenvironment:testpackage_nameadmin.test.v75970_9988.warpackage_source_pathpackage_md5
2018-07-12 14:56:44,467 - fox - INFO - get
2018-07-12 14:56:44,467 - fox - INFO - pack
2018-07-12 14:56:44,468 - fox - INFO - timestamp:2018-07-12 14:56:43; timestamp_type:<class 'str'>
2018-07-12 14:56:44,471 - fox - INFO - app:adminenvironment:testpackage_nameadmin.test.v75970_9988.warpackage_source_pathpackage_md5
2018-07-12 15:02:29,464 - fox - INFO - get
2018-07-12 15:02:29,465 - fox - INFO - pack
2018-07-12 15:02:29,465 - fox - INFO - timestamp:2018-07-12 15:02:29; timestamp_type:<class 'str'>
2018-07-12 15:02:29,468 - fox - INFO - app:adminenvironment:testpackage_nameadmin.test.v75970_9988.warpackage_source_pathpackage_md5
2018-07-12 15:03:21,659 - fox - INFO - send SUCCESS
2018-07-12 15:03:21,660 - fox - INFO - pack
2018-07-12 15:03:21,661 - fox - INFO - timestamp:2018-07-12 15:03:21; timestamp_type:<class 'str'>
2018-07-12 15:03:21,663 - fox - INFO - app:adminenvironment:testpackage_nameadmin.test.v75970_9988.warpackage_source_pathpackage_md5
2018-07-12 15:06:22,205 - fox - INFO - get
2018-07-12 15:06:22,206 - fox - INFO - pack
2018-07-12 15:06:22,207 - fox - INFO - timestamp:2018-07-12 15:06:21; timestamp_type:<class 'str'>
2018-07-12 15:06:22,211 - fox - INFO - app:adminenvironment:testpackage_nameadmin.test.v75970_9988.warpackage_source_pathpackage_md5
2018-07-12 15:07:28,220 - fox - INFO - get
2018-07-12 15:07:28,221 - fox - INFO - pack
2018-07-12 15:07:28,221 - fox - INFO - timestamp:2018-07-12 15:07:27; timestamp_type:<class 'str'>
2018-07-12 15:07:28,225 - fox - INFO - app:adminenvironment:testpackage_nameadmin.test.v75970_9988.warpackage_source_pathpackage_md5
2018-07-12 15:08:31,132 - fox - INFO - get
2018-07-12 15:08:31,132 - fox - INFO - pack
2018-07-12 15:08:31,132 - fox - INFO - timestamp:2018-07-12 15:08:30; timestamp_type:<class 'str'>
2018-07-12 15:08:31,136 - fox - INFO - app:adminenvironment:testpackage_nameadmin.test.v75970_9988.warpackage_source_pathpackage_md5
2018-07-12 15:09:15,146 - fox - INFO - get
2018-07-12 15:09:15,147 - fox - INFO - pack
2018-07-12 15:09:15,147 - fox - INFO - timestamp:2018-07-12 15:09:14; timestamp_type:<class 'str'>
2018-07-12 15:09:15,151 - fox - INFO - app:adminenvironment:testpackage_nameadmin.test.v75970_9988.warpackage_source_pathpackage_md5
2018-07-12 17:29:19,516 - fox - INFO - rm-2zerp3jkfr7se86mn
2018-07-12 17:29:20,665 - fox - INFO - rm-2ze4q04ru368wq99e
2018-07-12 17:29:21,505 - fox - INFO - rm-2ze6r30tg6y53wy3a
2018-07-12 17:29:22,985 - fox - INFO - rm-2ze58o8ug5e57sw99
2018-07-12 17:29:23,542 - fox - INFO - rm-2ze6l52627634mg5f
2018-07-12 17:29:24,182 - fox - INFO - rm-2ze1ppfd2nq8p9p8o
2018-07-12 17:29:24,710 - fox - INFO - rm-2ze5a52jij23xux21
2018-07-12 17:29:25,513 - fox - INFO - rr-2zes3gfqcsjy3qr26
2018-07-12 17:29:26,389 - fox - INFO - rm-2zen3dvd4n26j3284
2018-07-12 17:29:27,415 - fox - INFO - rm-2ze09437d8b3xd491
2018-07-12 17:29:28,143 - fox - INFO - rr-2zelt4524p2z20f2x
2018-07-12 17:29:28,791 - fox - INFO - rm-2ze7f256kcb4tase5
2018-07-12 17:29:29,677 - fox - INFO - rr-2ze04uu31c48wlt1k
2018-07-12 17:29:30,424 - fox - INFO - rdsvpiqy962bpe9ydvm1
2018-07-12 17:29:31,148 - fox - INFO - rdsk010n5bp68u18za29
2018-07-12 17:29:32,142 - fox - INFO - rdsp5ae3ypidj48wkt2o
2018-07-12 18:04:03,814 - fox - INFO - rm-2zerp3jkfr7se86mn
2018-07-12 18:04:04,420 - fox - INFO - rm-2ze4q04ru368wq99e
2018-07-12 18:04:08,153 - fox - INFO - rm-2ze6r30tg6y53wy3a
2018-07-12 18:04:09,192 - fox - INFO - rm-2ze58o8ug5e57sw99
2018-07-12 18:04:10,539 - fox - INFO - rm-2ze6l52627634mg5f
2018-07-12 18:04:11,151 - fox - INFO - rm-2ze1ppfd2nq8p9p8o
2018-07-12 18:04:12,089 - fox - INFO - rm-2ze5a52jij23xux21
2018-07-12 18:04:13,115 - fox - INFO - rr-2zes3gfqcsjy3qr26
2018-07-12 18:04:14,082 - fox - INFO - rm-2zen3dvd4n26j3284
2018-07-12 18:04:15,593 - fox - INFO - rm-2ze09437d8b3xd491
2018-07-12 18:04:16,213 - fox - INFO - rr-2zelt4524p2z20f2x
2018-07-12 18:04:17,315 - fox - INFO - rm-2ze7f256kcb4tase5
2018-07-12 18:04:18,090 - fox - INFO - rr-2ze04uu31c48wlt1k
2018-07-12 18:04:18,976 - fox - INFO - rdsvpiqy962bpe9ydvm1
2018-07-12 18:04:20,251 - fox - INFO - rdsk010n5bp68u18za29
2018-07-12 18:04:21,240 - fox - INFO - rdsp5ae3ypidj48wkt2o
2018-07-23 15:54:27,450 - fox - INFO - appuser	root	readonly,Vq5^W4JPm7jYQy4$	8DjKC%Mk&Om1gCqW	KYt70SM35tyB%Gi4
2018-07-23 15:54:33,444 - fox - INFO - ------------The above is liang modification
2018-07-23 15:54:38,082 - fox - INFO - root	readonly	appuser1,8DjKC%Mk&Om1gCqW	KYt70SM35tyB%Gi4	Vq5^W4JPm7jYQy4$
2018-07-23 15:54:46,960 - fox - INFO - ------------The above is liang modification
2018-07-23 15:54:50,547 - fox - INFO - appuser	root	readonly,Vq5^W4JPm7jYQy4$	8DjKC%Mk&Om1gCqW	KYt70SM35tyB%Gi4
2018-07-23 16:49:22,506 - fox - INFO - appuser	root	readonly,Vq5^W4JPm7jYQy4$	8DjKC%Mk&Om1gCqW	KYt70SM35tyB%Gi4
2018-07-23 16:49:28,389 - fox - INFO - ------------The above is liang modification
2018-07-23 16:49:53,184 - fox - INFO - root	readonly	appuser1,8DjKC%Mk&Om1gCqW	KYt70SM35tyB%Gi4	Vq5^W4JPm7jYQy4$
2018-07-23 16:49:58,532 - fox - INFO - ------------The above is liang modification
2018-07-26 10:46:43,728 - fox - INFO - appuser	root	readonly,Vq5^W4JPm7jYQy4$	8DjKC%Mk&Om1gCqW	KYt70SM35tyB%Gi4
2018-07-26 10:58:42,039 - fox - INFO - appuser	root	readonly,Vq5^W4JPm7jYQy4$	8DjKC%Mk&Om1gCqW	KYt70SM35tyB%Gi4
2018-08-07 10:04:21,433 - fox - INFO - send SUCCESS
2018-08-07 10:04:21,452 - fox - INFO - pack
2018-08-07 10:04:21,452 - fox - INFO - timestamp:2018-08-07 10:04:20; timestamp_type:<class 'str'>
2018-08-07 10:04:21,465 - fox - INFO - app:adminenvironment:testpackage_nameadmin.test.v76831_20180803103634.warpackage_source_pathpackage_md5build_status
2018-08-07 10:05:07,192 - fox - INFO - get
2018-08-07 10:05:07,193 - fox - INFO - build
2018-08-07 10:05:07,194 - fox - INFO - timestamp:2018-08-07 10:05:06; timestamp_type:<class 'str'>
2018-08-07 10:05:07,194 - fox - INFO - app:adminenvironment:testpackage_nameadmin.test.v76831_20180803103634.warpackage_source_path/app/WarProduct/admin/war/20180807/admin.test.v76831_20180803103634.warpackage_md5build_status
2018-08-24 10:16:06,374 - fox - INFO - root,2blBwOr/JA==
2018-08-24 10:16:13,752 - fox - INFO - ------------The above is liang modification
2018-08-24 10:18:52,745 - fox - INFO - ------------The above is liang modification
2018-08-24 10:44:15,646 - fox - INFO - root,2blBwOr/JA==
2018-08-24 10:44:26,606 - fox - INFO - ------------The above is liang modification
2018-08-24 10:44:38,164 - fox - INFO - root,2blBwOr/JA==
2018-08-24 10:44:46,482 - fox - INFO - ------------The above is liang modification
2018-09-10 18:21:32,976 - fox - INFO - rm-t4nxpxfin2f08v97t
2018-09-11 14:59:47,125 - fox - INFO - appuser	root	readonly,Vq5^W4JPm7jYQy4$	8DjKC%Mk&Om1gCqW	KYt70SM35tyB%Gi4
2018-09-11 15:24:29,374 - fox - INFO - rm-t4nxpxfin2f08v97t
2018-09-11 15:24:30,170 - fox - INFO - rm-2zerp3jkfr7se86mn
2018-09-11 15:24:31,230 - fox - INFO - rm-2ze6r30tg6y53wy3a
2018-09-11 15:24:32,563 - fox - INFO - rm-2ze58o8ug5e57sw99
2018-09-11 15:24:33,448 - fox - INFO - rm-2ze6l52627634mg5f
2018-09-11 15:24:34,348 - fox - INFO - rm-2ze1ppfd2nq8p9p8o
2018-09-11 15:24:35,280 - fox - INFO - rm-2ze5a52jij23xux21
2018-09-11 15:24:36,011 - fox - INFO - rr-2zes3gfqcsjy3qr26
2018-09-11 15:24:36,848 - fox - INFO - rm-2zen3dvd4n26j3284
2018-09-11 15:24:39,304 - fox - INFO - rm-2ze09437d8b3xd491
2018-09-11 15:24:40,160 - fox - INFO - rr-2zelt4524p2z20f2x
2018-09-11 15:24:40,715 - fox - INFO - rm-2ze7f256kcb4tase5
2018-09-11 15:24:41,240 - fox - INFO - rr-2ze04uu31c48wlt1k
2018-09-11 15:24:42,067 - fox - INFO - rdsvpiqy962bpe9ydvm1
2018-09-11 15:24:43,101 - fox - INFO - rdsk010n5bp68u18za29
2018-09-11 15:24:43,605 - fox - INFO - rdsp5ae3ypidj48wkt2o
2018-11-08 15:20:28,519 - fox - INFO - appuser	root	readonly,Vq5^W4JPm7jYQy4$	8DjKC%Mk&Om1gCqW	KYt70SM35tyB%Gi4
